# JRE version: Java(TM) SE Runtime Environment (8.0_101-b13) (build 1.8.0_101-b13)
# Java VM: Java HotSpot(TM) 64-Bit Server VM (25.101-b13 mixed mode bsd-amd64 compressed oops)
Heap:
 PSYoungGen      total 299520K, used 235407K [0x0000000795580000, 0x00000007a9480000, 0x00000007c0000000)
  eden space 279552K, 84% used [0x0000000795580000,0x00000007a3b63f40,0x00000007a6680000)
  from space 19968K, 0% used [0x00000007a7a00000,0x00000007a7a00000,0x00000007a8d80000)
  to   space 19968K, 0% used [0x00000007a6680000,0x00000007a6680000,0x00000007a7a00000)
 ParOldGen       total 105984K, used 20323K [0x0000000740000000, 0x0000000746780000, 0x0000000795580000)
  object space 105984K, 19% used [0x0000000740000000,0x00000007413d8e88,0x0000000746780000)
 Metaspace       used 57203K, capacity 60554K, committed 60672K, reserved 1101824K
  class space    used 8064K, capacity 8654K, committed 8704K, reserved 1048576K
GC Heap History (10 events):
Event: 14.709 GC heap before
{Heap before GC invocations=12 (full 2):
 PSYoungGen      total 165376K, used 151552K [0x0000000795580000, 0x00000007a3f00000, 0x00000007c0000000)
  eden space 151552K, 100% used [0x0000000795580000,0x000000079e980000,0x000000079e980000)
  from space 13824K, 0% used [0x000000079e980000,0x000000079e980000,0x000000079f700000)
  to   space 13824K, 0% used [0x00000007a3180000,0x00000007a3180000,0x00000007a3f00000)
 ParOldGen       total 77312K, used 12732K [0x0000000740000000, 0x0000000744b80000, 0x0000000795580000)
  object space 77312K, 16% used [0x0000000740000000,0x0000000740c6f2e8,0x0000000744b80000)
 Metaspace       used 49255K, capacity 52042K, committed 52096K, reserved 1093632K
  class space    used 7014K, capacity 7518K, committed 7552K, reserved 1048576K
Event: 14.743 GC heap after
Heap after GC invocations=12 (full 2):
 PSYoungGen      total 221184K, used 13815K [0x0000000795580000, 0x00000007a4600000, 0x00000007c0000000)
  eden space 207360K, 0% used [0x0000000795580000,0x0000000795580000,0x00000007a2000000)
  from space 13824K, 99% used [0x00000007a3180000,0x00000007a3efdc18,0x00000007a3f00000)
  to   space 17920K, 0% used [0x00000007a2000000,0x00000007a2000000,0x00000007a3180000)
 ParOldGen       total 77312K, used 18753K [0x0000000740000000, 0x0000000744b80000, 0x0000000795580000)
  object space 77312K, 24% used [0x0000000740000000,0x0000000741250570,0x0000000744b80000)
 Metaspace       used 49255K, capacity 52042K, committed 52096K, reserved 1093632K
  class space    used 7014K, capacity 7518K, committed 7552K, reserved 1048576K
}
Event: 44.284 GC heap before
{Heap before GC invocations=13 (full 2):
 PSYoungGen      total 221184K, used 109928K [0x0000000795580000, 0x00000007a4600000, 0x00000007c0000000)
  eden space 207360K, 46% used [0x0000000795580000,0x000000079b35c620,0x00000007a2000000)
  from space 13824K, 99% used [0x00000007a3180000,0x00000007a3efdc18,0x00000007a3f00000)
  to   space 17920K, 0% used [0x00000007a2000000,0x00000007a2000000,0x00000007a3180000)
 ParOldGen       total 77312K, used 18753K [0x0000000740000000, 0x0000000744b80000, 0x0000000795580000)
  object space 77312K, 24% used [0x0000000740000000,0x0000000741250570,0x0000000744b80000)
 Metaspace       used 55930K, capacity 59024K, committed 59136K, reserved 1099776K
  class space    used 7875K, capacity 8424K, committed 8448K, reserved 1048576K
Event: 44.305 GC heap after
Heap after GC invocations=13 (full 2):
 PSYoungGen      total 225280K, used 15993K [0x0000000795580000, 0x00000007a8d80000, 0x00000007c0000000)
  eden space 207360K, 0% used [0x0000000795580000,0x0000000795580000,0x00000007a2000000)
  from space 17920K, 89% used [0x00000007a2000000,0x00000007a2f9e780,0x00000007a3180000)
  to   space 19968K, 0% used [0x00000007a7a00000,0x00000007a7a00000,0x00000007a8d80000)
 ParOldGen       total 77312K, used 18761K [0x0000000740000000, 0x0000000744b80000, 0x0000000795580000)
  object space 77312K, 24% used [0x0000000740000000,0x0000000741252570,0x0000000744b80000)
 Metaspace       used 55930K, capacity 59024K, committed 59136K, reserved 1099776K
  class space    used 7875K, capacity 8424K, committed 8448K, reserved 1048576K
}
Event: 44.305 GC heap before
{Heap before GC invocations=14 (full 3):
 PSYoungGen      total 225280K, used 15993K [0x0000000795580000, 0x00000007a8d80000, 0x00000007c0000000)
  eden space 207360K, 0% used [0x0000000795580000,0x0000000795580000,0x00000007a2000000)
  from space 17920K, 89% used [0x00000007a2000000,0x00000007a2f9e780,0x00000007a3180000)
  to   space 19968K, 0% used [0x00000007a7a00000,0x00000007a7a00000,0x00000007a8d80000)
 ParOldGen       total 77312K, used 18761K [0x0000000740000000, 0x0000000744b80000, 0x0000000795580000)
  object space 77312K, 24% used [0x0000000740000000,0x0000000741252570,0x0000000744b80000)
 Metaspace       used 55930K, capacity 59024K, committed 59136K, reserved 1099776K
  class space    used 7875K, capacity 8424K, committed 8448K, reserved 1048576K
Event: 44.503 GC heap after
Heap after GC invocations=14 (full 3):
 PSYoungGen      total 225280K, used 0K [0x0000000795580000, 0x00000007a8d80000, 0x00000007c0000000)
  eden space 207360K, 0% used [0x0000000795580000,0x0000000795580000,0x00000007a2000000)
  from space 17920K, 0% used [0x00000007a2000000,0x00000007a2000000,0x00000007a3180000)
  to   space 19968K, 0% used [0x00000007a7a00000,0x00000007a7a00000,0x00000007a8d80000)
 ParOldGen       total 105984K, used 26066K [0x0000000740000000, 0x0000000746780000, 0x0000000795580000)
  object space 105984K, 24% used [0x0000000740000000,0x0000000741974a48,0x0000000746780000)
 Metaspace       used 55930K, capacity 59024K, committed 59136K, reserved 1099776K
  class space    used 7875K, capacity 8424K, committed 8448K, reserved 1048576K
}
Event: 399.648 GC heap before
{Heap before GC invocations=15 (full 3):
 PSYoungGen      total 225280K, used 88502K [0x0000000795580000, 0x00000007a8d80000, 0x00000007c0000000)
  eden space 207360K, 42% used [0x0000000795580000,0x000000079abeda38,0x00000007a2000000)
  from space 17920K, 0% used [0x00000007a2000000,0x00000007a2000000,0x00000007a3180000)
  to   space 19968K, 0% used [0x00000007a7a00000,0x00000007a7a00000,0x00000007a8d80000)
 ParOldGen       total 105984K, used 26066K [0x0000000740000000, 0x0000000746780000, 0x0000000795580000)
  object space 105984K, 24% used [0x0000000740000000,0x0000000741974a48,0x0000000746780000)
 Metaspace       used 56775K, capacity 59970K, committed 60160K, reserved 1101824K
  class space    used 8013K, capacity 8580K, committed 8704K, reserved 1048576K
Event: 399.662 GC heap after
Heap after GC invocations=15 (full 3):
 PSYoungGen      total 299520K, used 1156K [0x0000000795580000, 0x00000007a9480000, 0x00000007c0000000)
  eden space 279552K, 0% used [0x0000000795580000,0x0000000795580000,0x00000007a6680000)
  from space 19968K, 5% used [0x00000007a7a00000,0x00000007a7b21358,0x00000007a8d80000)
  to   space 19968K, 0% used [0x00000007a6680000,0x00000007a6680000,0x00000007a7a00000)
 ParOldGen       total 105984K, used 26074K [0x0000000740000000, 0x0000000746780000, 0x0000000795580000)
  object space 105984K, 24% used [0x0000000740000000,0x0000000741976a48,0x0000000746780000)
 Metaspace       used 56775K, capacity 59970K, committed 60160K, reserved 1101824K
  class space    used 8013K, capacity 8580K, committed 8704K, reserved 1048576K
}
Event: 399.662 GC heap before
{Heap before GC invocations=16 (full 4):
 PSYoungGen      total 299520K, used 1156K [0x0000000795580000, 0x00000007a9480000, 0x00000007c0000000)
  eden space 279552K, 0% used [0x0000000795580000,0x0000000795580000,0x00000007a6680000)
  from space 19968K, 5% used [0x00000007a7a00000,0x00000007a7b21358,0x00000007a8d80000)
  to   space 19968K, 0% used [0x00000007a6680000,0x00000007a6680000,0x00000007a7a00000)
 ParOldGen       total 105984K, used 26074K [0x0000000740000000, 0x0000000746780000, 0x0000000795580000)
  object space 105984K, 24% used [0x0000000740000000,0x0000000741976a48,0x0000000746780000)
 Metaspace       used 56775K, capacity 59970K, committed 60160K, reserved 1101824K
  class space    used 8013K, capacity 8580K, committed 8704K, reserved 1048576K
Event: 400.040 GC heap after
Heap after GC invocations=16 (full 4):
 PSYoungGen      total 299520K, used 0K [0x0000000795580000, 0x00000007a9480000, 0x00000007c0000000)
  eden space 279552K, 0% used [0x0000000795580000,0x0000000795580000,0x00000007a6680000)
  from space 19968K, 0% used [0x00000007a7a00000,0x00000007a7a00000,0x00000007a8d80000)
  to   space 19968K, 0% used [0x00000007a6680000,0x00000007a6680000,0x00000007a7a00000)
 ParOldGen       total 105984K, used 20323K [0x0000000740000000, 0x0000000746780000, 0x0000000795580000)
  object space 105984K, 19% used [0x0000000740000000,0x00000007413d8e88,0x0000000746780000)
 Metaspace       used 56775K, capacity 59970K, committed 60160K, reserved 1101824K
  class space    used 8013K, capacity 8580K, committed 8704K, reserved 1048576K
}

