# JRE version: Java(TM) SE Runtime Environment (8.0_101-b13) (build 1.8.0_101-b13)
# Java VM: Java HotSpot(TM) 64-Bit Server VM (25.101-b13 mixed mode bsd-amd64 compressed oops)
Heap:
 PSYoungGen      total 266752K, used 129898K [0x0000000795580000, 0x00000007a6a00000, 0x00000007c0000000)
  eden space 251392K, 51% used [0x0000000795580000,0x000000079d45a9e8,0x00000007a4b00000)
  from space 15360K, 0% used [0x00000007a5b00000,0x00000007a5b00000,0x00000007a6a00000)
  to   space 15872K, 0% used [0x00000007a4b00000,0x00000007a4b00000,0x00000007a5a80000)
 ParOldGen       total 72192K, used 21565K [0x0000000740000000, 0x0000000744680000, 0x0000000795580000)
  object space 72192K, 29% used [0x0000000740000000,0x000000074150f788,0x0000000744680000)
 Metaspace       used 53754K, capacity 57414K, committed 57472K, reserved 1097728K
  class space    used 7621K, capacity 8287K, committed 8320K, reserved 1048576K
GC Heap History (10 events):
Event: 111.956 GC heap before
{Heap before GC invocations=20 (full 6):
 PSYoungGen      total 267776K, used 4959K [0x0000000795580000, 0x00000007a6c00000, 0x00000007c0000000)
  eden space 251392K, 0% used [0x0000000795580000,0x0000000795580000,0x00000007a4b00000)
  from space 16384K, 30% used [0x00000007a5c00000,0x00000007a60d7fd8,0x00000007a6c00000)
  to   space 16896K, 0% used [0x00000007a4b00000,0x00000007a4b00000,0x00000007a5b80000)
 ParOldGen       total 72192K, used 20730K [0x0000000740000000, 0x0000000744680000, 0x0000000795580000)
  object space 72192K, 28% used [0x0000000740000000,0x000000074143e8e8,0x0000000744680000)
 Metaspace       used 52785K, capacity 56248K, committed 56576K, reserved 1097728K
  class space    used 7505K, capacity 8119K, committed 8192K, reserved 1048576K
Event: 112.160 GC heap after
Heap after GC invocations=20 (full 6):
 PSYoungGen      total 267776K, used 0K [0x0000000795580000, 0x00000007a6c00000, 0x00000007c0000000)
  eden space 251392K, 0% used [0x0000000795580000,0x0000000795580000,0x00000007a4b00000)
  from space 16384K, 0% used [0x00000007a5c00000,0x00000007a5c00000,0x00000007a6c00000)
  to   space 16896K, 0% used [0x00000007a4b00000,0x00000007a4b00000,0x00000007a5b80000)
 ParOldGen       total 72192K, used 21000K [0x0000000740000000, 0x0000000744680000, 0x0000000795580000)
  object space 72192K, 29% used [0x0000000740000000,0x0000000741482378,0x0000000744680000)
 Metaspace       used 52783K, capacity 56242K, committed 56576K, reserved 1097728K
  class space    used 7504K, capacity 8117K, committed 8192K, reserved 1048576K
}
Event: 251.413 GC heap before
{Heap before GC invocations=21 (full 6):
 PSYoungGen      total 267776K, used 186738K [0x0000000795580000, 0x00000007a6c00000, 0x00000007c0000000)
  eden space 251392K, 74% used [0x0000000795580000,0x00000007a0bdc878,0x00000007a4b00000)
  from space 16384K, 0% used [0x00000007a5c00000,0x00000007a5c00000,0x00000007a6c00000)
  to   space 16896K, 0% used [0x00000007a4b00000,0x00000007a4b00000,0x00000007a5b80000)
 ParOldGen       total 72192K, used 21000K [0x0000000740000000, 0x0000000744680000, 0x0000000795580000)
  object space 72192K, 29% used [0x0000000740000000,0x0000000741482378,0x0000000744680000)
 Metaspace       used 53065K, capacity 56578K, committed 56832K, reserved 1097728K
  class space    used 7538K, capacity 8162K, committed 8192K, reserved 1048576K
Event: 251.439 GC heap after
Heap after GC invocations=21 (full 6):
 PSYoungGen      total 256512K, used 5024K [0x0000000795580000, 0x00000007a6b00000, 0x00000007c0000000)
  eden space 251392K, 0% used [0x0000000795580000,0x0000000795580000,0x00000007a4b00000)
  from space 5120K, 98% used [0x00000007a4b00000,0x00000007a4fe8248,0x00000007a5000000)
  to   space 16384K, 0% used [0x00000007a5b00000,0x00000007a5b00000,0x00000007a6b00000)
 ParOldGen       total 72192K, used 21008K [0x0000000740000000, 0x0000000744680000, 0x0000000795580000)
  object space 72192K, 29% used [0x0000000740000000,0x0000000741484378,0x0000000744680000)
 Metaspace       used 53065K, capacity 56578K, committed 56832K, reserved 1097728K
  class space    used 7538K, capacity 8162K, committed 8192K, reserved 1048576K
}
Event: 251.439 GC heap before
{Heap before GC invocations=22 (full 7):
 PSYoungGen      total 256512K, used 5024K [0x0000000795580000, 0x00000007a6b00000, 0x00000007c0000000)
  eden space 251392K, 0% used [0x0000000795580000,0x0000000795580000,0x00000007a4b00000)
  from space 5120K, 98% used [0x00000007a4b00000,0x00000007a4fe8248,0x00000007a5000000)
  to   space 16384K, 0% used [0x00000007a5b00000,0x00000007a5b00000,0x00000007a6b00000)
 ParOldGen       total 72192K, used 21008K [0x0000000740000000, 0x0000000744680000, 0x0000000795580000)
  object space 72192K, 29% used [0x0000000740000000,0x0000000741484378,0x0000000744680000)
 Metaspace       used 53065K, capacity 56578K, committed 56832K, reserved 1097728K
  class space    used 7538K, capacity 8162K, committed 8192K, reserved 1048576K
Event: 251.711 GC heap after
Heap after GC invocations=22 (full 7):
 PSYoungGen      total 256512K, used 0K [0x0000000795580000, 0x00000007a6b00000, 0x00000007c0000000)
  eden space 251392K, 0% used [0x0000000795580000,0x0000000795580000,0x00000007a4b00000)
  from space 5120K, 0% used [0x00000007a4b00000,0x00000007a4b00000,0x00000007a5000000)
  to   space 16384K, 0% used [0x00000007a5b00000,0x00000007a5b00000,0x00000007a6b00000)
 ParOldGen       total 72192K, used 21261K [0x0000000740000000, 0x0000000744680000, 0x0000000795580000)
  object space 72192K, 29% used [0x0000000740000000,0x00000007414c3738,0x0000000744680000)
 Metaspace       used 53063K, capacity 56572K, committed 56832K, reserved 1097728K
  class space    used 7538K, capacity 8160K, committed 8192K, reserved 1048576K
}
Event: 323.145 GC heap before
{Heap before GC invocations=23 (full 7):
 PSYoungGen      total 256512K, used 181393K [0x0000000795580000, 0x00000007a6b00000, 0x00000007c0000000)
  eden space 251392K, 72% used [0x0000000795580000,0x00000007a06a4708,0x00000007a4b00000)
  from space 5120K, 0% used [0x00000007a4b00000,0x00000007a4b00000,0x00000007a5000000)
  to   space 16384K, 0% used [0x00000007a5b00000,0x00000007a5b00000,0x00000007a6b00000)
 ParOldGen       total 72192K, used 21261K [0x0000000740000000, 0x0000000744680000, 0x0000000795580000)
  object space 72192K, 29% used [0x0000000740000000,0x00000007414c3738,0x0000000744680000)
 Metaspace       used 53442K, capacity 57166K, committed 57472K, reserved 1097728K
  class space    used 7592K, capacity 8248K, committed 8320K, reserved 1048576K
Event: 323.157 GC heap after
Heap after GC invocations=23 (full 7):
 PSYoungGen      total 266752K, used 5043K [0x0000000795580000, 0x00000007a6a00000, 0x00000007c0000000)
  eden space 251392K, 0% used [0x0000000795580000,0x0000000795580000,0x00000007a4b00000)
  from space 15360K, 32% used [0x00000007a5b00000,0x00000007a5fecf78,0x00000007a6a00000)
  to   space 15872K, 0% used [0x00000007a4b00000,0x00000007a4b00000,0x00000007a5a80000)
 ParOldGen       total 72192K, used 21269K [0x0000000740000000, 0x0000000744680000, 0x0000000795580000)
  object space 72192K, 29% used [0x0000000740000000,0x00000007414c5738,0x0000000744680000)
 Metaspace       used 53442K, capacity 57166K, committed 57472K, reserved 1097728K
  class space    used 7592K, capacity 8248K, committed 8320K, reserved 1048576K
}
Event: 323.157 GC heap before
{Heap before GC invocations=24 (full 8):
 PSYoungGen      total 266752K, used 5043K [0x0000000795580000, 0x00000007a6a00000, 0x00000007c0000000)
  eden space 251392K, 0% used [0x0000000795580000,0x0000000795580000,0x00000007a4b00000)
  from space 15360K, 32% used [0x00000007a5b00000,0x00000007a5fecf78,0x00000007a6a00000)
  to   space 15872K, 0% used [0x00000007a4b00000,0x00000007a4b00000,0x00000007a5a80000)
 ParOldGen       total 72192K, used 21269K [0x0000000740000000, 0x0000000744680000, 0x0000000795580000)
  object space 72192K, 29% used [0x0000000740000000,0x00000007414c5738,0x0000000744680000)
 Metaspace       used 53442K, capacity 57166K, committed 57472K, reserved 1097728K
  class space    used 7592K, capacity 8248K, committed 8320K, reserved 1048576K
Event: 323.459 GC heap after
Heap after GC invocations=24 (full 8):
 PSYoungGen      total 266752K, used 0K [0x0000000795580000, 0x00000007a6a00000, 0x00000007c0000000)
  eden space 251392K, 0% used [0x0000000795580000,0x0000000795580000,0x00000007a4b00000)
  from space 15360K, 0% used [0x00000007a5b00000,0x00000007a5b00000,0x00000007a6a00000)
  to   space 15872K, 0% used [0x00000007a4b00000,0x00000007a4b00000,0x00000007a5a80000)
 ParOldGen       total 72192K, used 21565K [0x0000000740000000, 0x0000000744680000, 0x0000000795580000)
  object space 72192K, 29% used [0x0000000740000000,0x000000074150f788,0x0000000744680000)
 Metaspace       used 53439K, capacity 57160K, committed 57472K, reserved 1097728K
  class space    used 7592K, capacity 8246K, committed 8320K, reserved 1048576K
}

